\BOOKMARK [0][-]{chapter.1}{\376\377\000D\000a\000t\000a}{}% 1
\BOOKMARK [1][-]{section.1.1}{\376\377\000M\000o\000d\000e\000l\000s\000\040\000f\000o\000r\000\040\000d\000e\000s\000c\000r\000i\000b\000i\000n\000g\000\040\000t\000h\000e\000\040\000d\000a\000t\000a}{chapter.1}% 2
\BOOKMARK [2][-]{subsection.1.1.1}{\376\377\000R\000e\000l\000i\000a\000b\000i\000l\000i\000t\000y\000\040\000o\000f\000\040\000t\000h\000e\000\040\000p\000r\000i\000o\000r}{section.1.1}% 3
\BOOKMARK [2][-]{subsection.1.1.2}{\376\377\000E\000x\000p\000l\000a\000i\000n\000i\000n\000g\000\040\000t\000h\000e\000\040\000d\000a\000t\000a}{section.1.1}% 4
\BOOKMARK [1][-]{section.1.2}{\376\377\000T\000h\000e\000\040\000c\000u\000r\000s\000e\000\040\000o\000f\000\040\000d\000i\000m\000e\000n\000s\000i\000o\000n\000a\000l\000i\000t\000y}{chapter.1}% 5
\BOOKMARK [2][-]{subsection.1.2.1}{\376\377\000D\000e\000c\000r\000e\000a\000s\000e\000\040\000t\000h\000e\000\040\000d\000i\000m\000e\000n\000s\000i\000o\000n\000s}{section.1.2}% 6
\BOOKMARK [0][-]{chapter.2}{\376\377\000L\000i\000n\000e\000a\000r\000\040\000r\000e\000g\000r\000e\000s\000s\000i\000o\000n\000,\000\040\000c\000o\000n\000v\000e\000x\000i\000t\000y\000\040\000a\000n\000d\000\040\000g\000r\000a\000d\000i\000e\000n\000t\000s}{}% 7
\BOOKMARK [1][-]{section.2.1}{\376\377\000L\000i\000n\000e\000a\000r\000\040\000R\000e\000g\000r\000e\000s\000s\000i\000o\000n}{chapter.2}% 8
\BOOKMARK [1][-]{section.2.2}{\376\377\000C\000o\000n\000v\000e\000x\000i\000t\000y}{chapter.2}% 9
\BOOKMARK [1][-]{section.2.3}{\376\377\000G\000r\000a\000d\000i\000e\000n\000t\000s}{chapter.2}% 10
\BOOKMARK [0][-]{chapter.3}{\376\377\000N\000o\000n\000l\000i\000n\000e\000a\000r\000\040\000m\000o\000d\000e\000l\000s\000,\000\040\000o\000v\000e\000r\000f\000i\000t\000t\000i\000n\000g\000\040\000a\000n\000d\000\040\000r\000e\000g\000u\000l\000a\000r\000i\000z\000a\000t\000i\000o\000n}{}% 11
\BOOKMARK [1][-]{section.3.1}{\376\377\000N\000o\000n\000l\000i\000n\000e\000a\000r\000\040\000m\000o\000d\000e\000l\000s}{chapter.3}% 12
\BOOKMARK [1][-]{section.3.2}{\376\377\000P\000o\000l\000y\000n\000o\000m\000i\000a\000l\000\040\000f\000i\000t\000t\000i\000n\000g}{chapter.3}% 13
\BOOKMARK [1][-]{section.3.3}{\376\377\000R\000e\000g\000u\000l\000a\000r\000i\000z\000a\000t\000i\000o\000n}{chapter.3}% 14
\BOOKMARK [1][-]{section.3.4}{\376\377\000C\000l\000a\000s\000s\000i\000f\000i\000c\000a\000t\000i\000o\000n}{chapter.3}% 15
\BOOKMARK [0][-]{chapter.4}{\376\377\000S\000t\000o\000c\000h\000a\000s\000t\000i\000c\000\040\000g\000r\000a\000d\000i\000e\000n\000t\000\040\000d\000e\000s\000c\000e\000n\000t}{}% 16
\BOOKMARK [1][-]{section.4.1}{\376\377\000I\000n\000t\000r\000o\000d\000u\000c\000t\000i\000o\000n}{chapter.4}% 17
\BOOKMARK [1][-]{section.4.2}{\376\377\000G\000r\000a\000d\000i\000e\000n\000t\000\040\000P\000r\000o\000p\000e\000r\000t\000i\000e\000s}{chapter.4}% 18
\BOOKMARK [2][-]{subsection.4.2.1}{\376\377\000O\000r\000t\000h\000o\000g\000o\000n\000a\000l\000i\000t\000y\000\040\000a\000n\000d\000\040\000s\000t\000e\000e\000p\000e\000s\000t\000\040\000a\000s\000c\000e\000n\000t}{section.4.2}% 19
\BOOKMARK [2][-]{subsection.4.2.2}{\376\377\000D\000i\000f\000f\000e\000r\000e\000n\000t\000i\000a\000b\000i\000l\000i\000t\000y}{section.4.2}% 20
\BOOKMARK [2][-]{subsection.4.2.3}{\376\377\000S\000t\000a\000t\000i\000o\000n\000a\000r\000y\000\040\000p\000o\000i\000n\000t\000s}{section.4.2}% 21
\BOOKMARK [1][-]{section.4.3}{\376\377\000L\000e\000a\000r\000n\000i\000n\000g\000\040\000R\000a\000t\000e}{chapter.4}% 22
\BOOKMARK [2][-]{subsection.4.3.1}{\376\377\000D\000e\000c\000a\000y}{section.4.3}% 23
\BOOKMARK [2][-]{subsection.4.3.2}{\376\377\000M\000o\000m\000e\000n\000t\000u\000m}{section.4.3}% 24
\BOOKMARK [1][-]{section.4.4}{\376\377\000G\000r\000a\000d\000i\000e\000n\000t\000\040\000D\000e\000s\000c\000e\000n\000t\000\040\000f\000o\000r\000\040\000D\000e\000e\000p\000\040\000L\000e\000a\000r\000n\000i\000n\000g\000:\000\040\000S\000t\000o\000c\000h\000a\000s\000t\000i\000c\000\040\000G\000r\000a\000d\000i\000e\000n\000t\000\040\000D\000e\000s\000c\000e\000n\000t}{chapter.4}% 25
\BOOKMARK [0][-]{chapter.5}{\376\377\000M\000u\000l\000t\000i\000-\000l\000a\000y\000e\000r\000\040\000p\000e\000r\000c\000e\000p\000t\000r\000o\000n\000\040\000a\000n\000d\000\040\000b\000a\000c\000k\000-\000p\000r\000o\000p\000a\000g\000a\000t\000i\000o\000n}{}% 26
\BOOKMARK [1][-]{section.5.1}{\376\377\000I\000n\000t\000r\000o\000d\000u\000c\000t\000i\000o\000n}{chapter.5}% 27
\BOOKMARK [1][-]{section.5.2}{\376\377\000D\000e\000e\000p\000\040\000n\000e\000t\000w\000o\000r\000k\000s}{chapter.5}% 28
\BOOKMARK [2][-]{subsection.5.2.1}{\376\377\000D\000e\000e\000p\000\040\000c\000o\000m\000p\000o\000s\000i\000t\000i\000o\000n}{section.5.2}% 29
\BOOKMARK [2][-]{subsection.5.2.2}{\376\377\000M\000L\000P}{section.5.2}% 30
\BOOKMARK [2][-]{subsection.5.2.3}{\376\377\000U\000n\000i\000v\000e\000r\000s\000a\000l\000i\000t\000y}{section.5.2}% 31
\BOOKMARK [1][-]{section.5.3}{\376\377\000T\000r\000a\000i\000n\000i\000n\000g}{chapter.5}% 32
\BOOKMARK [2][-]{subsection.5.3.1}{\376\377\000C\000o\000m\000p\000u\000t\000a\000t\000i\000o\000n\000a\000l\000\040\000g\000r\000a\000p\000h\000s}{section.5.3}% 33
\BOOKMARK [2][-]{subsection.5.3.2}{\376\377\000A\000u\000t\000o\000m\000a\000t\000i\000c\000\040\000d\000i\000f\000f\000e\000r\000e\000n\000t\000i\000a\000t\000i\000o\000n\000:\000\040\000f\000o\000r\000w\000a\000r\000d\000\040\000m\000o\000d\000e}{section.5.3}% 34
\BOOKMARK [2][-]{subsection.5.3.3}{\376\377\000A\000u\000t\000o\000m\000a\000t\000i\000c\000\040\000d\000i\000f\000f\000e\000r\000e\000n\000t\000i\000a\000t\000i\000o\000n\000:\000\040\000r\000e\000v\000e\000r\000s\000e\000\040\000m\000o\000d\000e}{section.5.3}% 35
\BOOKMARK [2][-]{subsection.5.3.4}{\376\377\000A\000u\000t\000o\000m\000a\000t\000i\000c\000\040\000d\000i\000f\000f\000e\000r\000e\000n\000t\000i\000a\000t\000i\000o\000n\000:\000\040\000c\000o\000m\000p\000l\000e\000x\000i\000t\000y}{section.5.3}% 36
\BOOKMARK [2][-]{subsection.5.3.5}{\376\377\000B\000a\000c\000k\000p\000r\000o\000p\000a\000g\000a\000t\000i\000o\000n}{section.5.3}% 37
\BOOKMARK [2][-]{subsection.5.3.6}{\376\377\000O\000b\000s\000e\000r\000v\000a\000t\000i\000o\000n\000s}{section.5.3}% 38
\BOOKMARK [0][-]{chapter.6}{\376\377\000C\000o\000n\000v\000o\000l\000u\000t\000i\000o\000n\000a\000l\000\040\000n\000e\000u\000r\000a\000l\000\040\000n\000e\000t\000w\000o\000r\000k\000s}{}% 39
\BOOKMARK [1][-]{section.6.1}{\376\377\000N\000e\000e\000d\000\040\000f\000o\000r\000\040\000P\000r\000i\000o\000r\000s}{chapter.6}% 40
\BOOKMARK [2][-]{subsection.6.1.1}{\376\377\000S\000e\000l\000f\000-\000s\000i\000m\000i\000l\000a\000r\000i\000t\000y}{section.6.1}% 41
\BOOKMARK [2][-]{subsection.6.1.2}{\376\377\000T\000r\000a\000n\000s\000l\000a\000t\000i\000o\000n\000\040\000i\000n\000v\000a\000r\000i\000a\000n\000c\000e}{section.6.1}% 42
\BOOKMARK [2][-]{subsection.6.1.3}{\376\377\000O\000t\000h\000e\000r\000\040\000i\000n\000v\000a\000r\000i\000a\000n\000c\000e\000s}{section.6.1}% 43
\BOOKMARK [2][-]{subsection.6.1.4}{\376\377\000H\000i\000e\000r\000a\000r\000c\000h\000y\000\040\000a\000n\000d\000\040\000c\000o\000m\000p\000o\000s\000i\000t\000i\000o\000n\000a\000l\000i\000t\000y}{section.6.1}% 44
\BOOKMARK [1][-]{section.6.2}{\376\377\000C\000o\000n\000v\000o\000l\000u\000t\000i\000o\000n}{chapter.6}% 45
\BOOKMARK [2][-]{subsection.6.2.1}{\376\377\000P\000r\000o\000p\000e\000r\000t\000i\000e\000s}{section.6.2}% 46
\BOOKMARK [2][-]{subsection.6.2.2}{\376\377\000D\000i\000s\000c\000r\000e\000t\000e\000\040\000C\000o\000n\000v\000o\000l\000u\000t\000i\000o\000n}{section.6.2}% 47
\BOOKMARK [1][-]{section.6.3}{\376\377\000C\000o\000n\000v\000o\000l\000u\000t\000i\000o\000n\000a\000l\000\040\000N\000e\000u\000r\000a\000l\000\040\000N\000e\000t\000w\000o\000r\000k\000s}{chapter.6}% 48
\BOOKMARK [0][-]{chapter.7}{\376\377\000R\000e\000g\000u\000l\000a\000r\000i\000z\000a\000t\000i\000o\000n}{}% 49
\BOOKMARK [1][-]{section.7.1}{\376\377\000E\000x\000p\000l\000i\000c\000i\000t\000\040\000w\000a\000y\000s\000\040\000o\000f\000\040\000r\000e\000g\000u\000l\000a\000r\000i\000z\000a\000t\000i\000o\000n}{chapter.7}% 50
\BOOKMARK [1][-]{section.7.2}{\376\377\000E\000a\000r\000l\000y\000\040\000s\000t\000o\000p\000p\000i\000n\000g}{chapter.7}% 51
\BOOKMARK [1][-]{section.7.3}{\376\377\000B\000a\000t\000c\000h\000\040\000n\000o\000r\000m\000a\000l\000i\000z\000a\000t\000i\000o\000n}{chapter.7}% 52
\BOOKMARK [1][-]{section.7.4}{\376\377\000D\000r\000o\000p\000o\000u\000t}{chapter.7}% 53
\BOOKMARK [0][-]{chapter.8}{\376\377\000D\000e\000e\000p\000\040\000g\000e\000n\000e\000r\000a\000t\000i\000v\000e\000\040\000m\000o\000d\000e\000l\000s}{}% 54
\BOOKMARK [1][-]{section.8.1}{\376\377\000P\000r\000i\000n\000c\000i\000p\000a\000l\000\040\000c\000o\000m\000p\000o\000n\000e\000n\000t\000\040\000a\000n\000a\000l\000y\000s\000i\000s}{chapter.8}% 55
\BOOKMARK [1][-]{section.8.2}{\376\377\000A\000u\000t\000o\000e\000n\000c\000o\000d\000e\000r\000s}{chapter.8}% 56
\BOOKMARK [2][-]{subsection.8.2.1}{\376\377\000M\000a\000n\000i\000f\000o\000l\000d\000s}{section.8.2}% 57
\BOOKMARK [1][-]{section.8.3}{\376\377\000V\000a\000r\000i\000a\000t\000i\000o\000n\000a\000l\000\040\000A\000u\000t\000o\000e\000n\000c\000o\000d\000e\000r\000s\000\040\000\050\000V\000A\000E\000\051}{chapter.8}% 58
\BOOKMARK [0][-]{chapter.9}{\376\377\000G\000e\000o\000m\000e\000t\000r\000i\000c\000\040\000d\000e\000e\000p\000\040\000l\000e\000a\000r\000n\000i\000n\000g}{}% 59
\BOOKMARK [1][-]{section.9.1}{\376\377\000I\000n\000t\000r\000o\000d\000u\000c\000t\000i\000o\000n}{chapter.9}% 60
\BOOKMARK [1][-]{section.9.2}{\376\377\000F\000i\000r\000s\000t\000\040\000e\000x\000a\000m\000p\000l\000e\000s}{chapter.9}% 61
\BOOKMARK [1][-]{section.9.3}{\376\377\000C\000h\000a\000l\000l\000e\000n\000g\000e\000s}{chapter.9}% 62
\BOOKMARK [1][-]{section.9.4}{\376\377\000G\000e\000n\000e\000r\000a\000l\000i\000z\000e\000\040\000C\000o\000n\000v\000o\000l\000u\000t\000i\000o\000n}{chapter.9}% 63
\BOOKMARK [2][-]{subsection.9.4.1}{\376\377\000G\000l\000o\000b\000a\000l\000\040\000p\000a\000r\000a\000m\000e\000t\000r\000i\000z\000a\000t\000i\000o\000n}{section.9.4}% 64
\BOOKMARK [2][-]{subsection.9.4.2}{\376\377\000S\000p\000e\000c\000t\000r\000a\000l\000\040\000c\000o\000n\000v\000o\000l\000u\000t\000i\000o\000n}{section.9.4}% 65
\BOOKMARK [2][-]{subsection.9.4.3}{\376\377\000S\000p\000a\000t\000i\000a\000l\000\040\000c\000o\000n\000v\000o\000l\000u\000t\000i\000o\000n}{section.9.4}% 66
\BOOKMARK [0][-]{chapter.10}{\376\377\000A\000d\000v\000e\000r\000s\000a\000r\000i\000a\000l\000\040\000t\000r\000a\000i\000n\000i\000n\000g}{}% 67
\BOOKMARK [1][-]{section.10.1}{\376\377\000G\000e\000n\000e\000r\000a\000t\000i\000v\000e\000\040\000A\000d\000v\000e\000r\000s\000a\000r\000i\000a\000l\000\040\000N\000e\000t\000w\000o\000r\000k\000s}{chapter.10}% 68
\BOOKMARK [2][-]{subsection.10.1.1}{\376\377\000I\000n\000t\000r\000o\000d\000u\000c\000t\000i\000o\000n}{section.10.1}% 69
\BOOKMARK [2][-]{subsection.10.1.2}{\376\377\000F\000o\000r\000m\000a\000l\000i\000z\000a\000t\000i\000o\000n}{section.10.1}% 70
\BOOKMARK [1][-]{section.10.2}{\376\377\000A\000d\000v\000e\000r\000s\000a\000r\000i\000a\000l\000\040\000a\000t\000t\000a\000c\000k\000s}{chapter.10}% 71
\BOOKMARK [0][-]{appendix.A}{\376\377\000L\000i\000n\000e\000a\000r\000\040\000A\000l\000g\000e\000b\000r\000a}{}% 72
\BOOKMARK [1][-]{section.A.1}{\376\377\000V\000e\000c\000t\000o\000r\000\040\000s\000p\000a\000c\000e\000s}{appendix.A}% 73
\BOOKMARK [2][-]{subsection.A.1.1}{\376\377\000B\000a\000s\000i\000s}{section.A.1}% 74
\BOOKMARK [1][-]{section.A.2}{\376\377\000L\000i\000n\000e\000a\000r\000\040\000m\000a\000p\000s}{appendix.A}% 75
\BOOKMARK [2][-]{subsection.A.2.1}{\376\377\000M\000a\000t\000r\000i\000c\000e\000s}{section.A.2}% 76
\BOOKMARK [1][-]{section.A.3}{\376\377\000M\000a\000t\000r\000i\000x\000\040\000m\000e\000t\000a\000-\000m\000e\000c\000h\000a\000n\000i\000c\000s}{appendix.A}% 77
\BOOKMARK [1][-]{section.A.4}{\376\377\000O\000t\000h\000e\000r\000\040\000p\000r\000o\000p\000e\000r\000t\000i\000e\000s}{appendix.A}% 78
\BOOKMARK [0][-]{appendix.B}{\376\377\000I\000n\000f\000o\000r\000m\000a\000t\000i\000o\000n\000\040\000T\000h\000e\000o\000r\000y}{}% 79
\BOOKMARK [1][-]{section.B.1}{\376\377\000E\000n\000t\000r\000o\000p\000y}{appendix.B}% 80
\BOOKMARK [1][-]{section.B.2}{\376\377\000K\000u\000l\000l\000b\000a\000c\000k\000-\000L\000e\000i\000b\000l\000e\000r\000\040\000d\000i\000v\000e\000r\000g\000e\000n\000c\000e}{appendix.B}% 81
\BOOKMARK [0][-]{appendix.C}{\376\377\000F\000o\000u\000r\000i\000e\000r\000\040\000A\000n\000a\000l\000y\000s\000i\000s}{}% 82
\BOOKMARK [1][-]{section.C.1}{\376\377\000S\000i\000g\000n\000a\000l\000s}{appendix.C}% 83
\BOOKMARK [1][-]{section.C.2}{\376\377\000F\000o\000u\000r\000i\000e\000r\000\040\000s\000e\000r\000i\000e\000s}{appendix.C}% 84
\BOOKMARK [1][-]{section.C.3}{\376\377\000F\000o\000u\000r\000i\000e\000r\000\040\000t\000r\000a\000n\000s\000f\000o\000r\000m}{appendix.C}% 85
\BOOKMARK [1][-]{section.C.4}{\376\377\000P\000r\000o\000p\000e\000r\000t\000i\000e\000s}{appendix.C}% 86
\BOOKMARK [0][-]{appendix.D}{\376\377\000S\000p\000e\000c\000t\000r\000a\000l\000\040\000G\000r\000a\000p\000h\000\040\000T\000h\000e\000o\000r\000y}{}% 87
